<?xml version="1.0" encoding="UTF-8"?>
<!-- Generated by org.testng.reporters.JUnitReportReporter -->
<testsuite skipped="0" hostname="LAPTOP-MOTMPJ0P" name="com.practice.TestNG.TestNGAssertion" tests="3" failures="0" timestamp="18 Jun 2021 15:44:23 GMT" time="12.454" errors="0">
  <testcase name="VerifyTitle" time="12.451" classname="com.practice.TestNG.TestNGAssertion"/>
  <testcase name="testhard" time="0.000" classname="com.practice.TestNG.TestNGAssertion"/>
  <testcase name="testSoft" time="0.003" classname="com.practice.TestNG.TestNGAssertion"/>
</testsuite> <!-- com.practice.TestNG.TestNGAssertion -->
