<?xml version="1.0" encoding="UTF-8"?>
<!-- Generated by org.testng.reporters.JUnitReportReporter -->
<testsuite skipped="0" hostname="LAPTOP-MOTMPJ0P" name="com.practice.TestNG.TestNGDependency" tests="4" failures="0" timestamp="16 Jun 2021 16:43:16 GMT" time="13.292" errors="0">
  <testcase name="logoutApp" time="0.000" classname="com.practice.TestNG.TestNGDependency"/>
  <testcase name="loginApp" time="0.000" classname="com.practice.TestNG.TestNGDependency"/>
  <testcase name="startApp" time="0.000" classname="com.practice.TestNG.TestNGDependency"/>
  <testcase name="verifyApplicationTitle" time="13.292" classname="com.practice.TestNG.TestNGDependency"/>
</testsuite> <!-- com.practice.TestNG.TestNGDependency -->
